********************************************************************************
DUPLICATOR-LITE PACKAGE-LOG: 16 February 2026 9h54
NOTICE: Do NOT post to public sites or forums 
********************************************************************************
VERSION:	1.5.15
WORDPRESS:	6.9.1
PHP INFO:	8.2.27 | SAPI: cgi-fcgi
SERVER:		nginx/1.26.1 
PHP TIME LIMIT: (0) no time limit imposed 
PHP MAX MEMORY: 4294967296 (256M default) 
MEMORY STACK: 18MB

********************************************************************************
DATABASE:
********************************************************************************
BUILD MODE:   PHP(query limit - 100)
MYSQLTIMEOUT: 5000
MYSQLDUMP:    Not Supported
TABLES: total:64 | filtered:0 | create:64
FILTERED: []
SQL CREATED: backup_la_vie_des_plantes_96fb32680e16b9a37297_20260216095309_database.sql
SQL FILE SIZE: 3.23MB (3390213)
SQL FILE TIME: 2026-02-16 09:54:05
SQL RUNTIME: 1.69 sec.

********************************************************************************
ARCHIVE (ZIP):
********************************************************************************
ARCHIVE DIR:  C:/Users/User/Local Sites/la-vie-des-plantes/app/public
ARCHIVE FILE: backup_la_vie_des_plantes_96fb32680e16b9a37297_20260216095309_archive.zip
FILTERS: *OFF*
DIRS:
	not set
FILES:
	not set
EXTS:  not set
----------------------------------------
COMPRESSING
SIZE:	268.33MB
STATS:	Dirs 3,061 | Files 19,394
SQL ADDED: backup_la_vie_des_plantes_96fb32680e16b9a37297_20260216095309_database.sql
ZipArchive Object
(
    [lastId] => 22454
    [status] => 0
    [statusSys] => 0
    [numFiles] => 22455
    [filename] => C:\Users\User\Local Sites\la-vie-des-plantes\app\public\wp-content\backups-dup-lite\tmp\backup_la_vie_des_plantes_96fb32680e16b9a37297_20260216095309_archive.zip
    [comment] => 
)

FILE ADDED TO ZIP: 22454
COMPRESSION RESULT: '1'
COMPRESSED SIZE: 99.2MB
ARCHIVE RUNTIME: 780.95 sec.
MEMORY STACK: 26MB
building installer
TEST DE COHÉRENCE D’ARCHIVE : RÉUSSITE

********************************************************************************
INTEGRITY CHECKS:
********************************************************************************
SQL FILE: 3.23MB
INSTALLER FILE: 73.5KB
ARCHIVE FILE: 101.36MB 
COMPTE ATTENDU DE FICHIERS/RÉPERTOIRES : 22,455
COMPTE ACTUEL DE FICHIERS/RÉPERTOIRES : 22,454
TEST DE COHÉRENCE D’ARCHIVE : Bon

********************************************************************************
RECORD ID:[1]
TOTAL PROCESS RUNTIME: 794.38 sec.
PEAK PHP MEMORY USED: 30MB
DONE PROCESSING => backup_la_vie_des_plantes 16 February 2026 10h07

